<?xml version="1.0" encoding="UTF-8"?>
<!-- Generated by org.testng.reporters.JUnitReportReporter -->
<testsuite hostname="DESKTOP-U8PUS14" failures="0" tests="1" name="com.epam.ta.test.clickOfficialCompany" time="58.232" errors="0" timestamp="13 янв. 2023 10:46:35 GMT" skipped="0">
  <testcase classname="com.epam.ta.test.clickOfficialCompany" name="Logosix" time="58.232"/>
</testsuite> <!-- com.epam.ta.test.clickOfficialCompany -->
