<?xml version="1.0" encoding="UTF-8"?>
<testsuite xmlns:xsi="http://www.w3.org/2001/XMLSchema-instance" xsi:noNamespaceSchemaLocation="https://maven.apache.org/surefire/maven-surefire-plugin/xsd/surefire-test-report.xsd" name="TestSuite" time="59.375" tests="1" errors="0" skipped="0" failures="0">
  <properties>
    <property name="surefire.suiteXmlFiles" value="src\test\resources\testng-amd.xml"/>
    <property name="java.specification.version" value="17"/>
    <property name="sun.cpu.isalist" value="amd64"/>
    <property name="sun.jnu.encoding" value="Cp1251"/>
    <property name="java.class.path" value="C:\Users\Yan\Desktop\5sem\Testing\11laba\1\1\target\test-classes;C:\Users\Yan\Desktop\5sem\Testing\11laba\1\1\target\classes;C:\apache-maven-3.8.6\repository\org\seleniumhq\selenium\selenium-java\3.141.0\selenium-java-3.141.0.jar;C:\apache-maven-3.8.6\repository\org\seleniumhq\selenium\selenium-api\3.141.0\selenium-api-3.141.0.jar;C:\apache-maven-3.8.6\repository\org\seleniumhq\selenium\selenium-chrome-driver\3.141.0\selenium-chrome-driver-3.141.0.jar;C:\apache-maven-3.8.6\repository\org\seleniumhq\selenium\selenium-edge-driver\3.141.0\selenium-edge-driver-3.141.0.jar;C:\apache-maven-3.8.6\repository\org\seleniumhq\selenium\selenium-firefox-driver\3.141.0\selenium-firefox-driver-3.141.0.jar;C:\apache-maven-3.8.6\repository\org\seleniumhq\selenium\selenium-ie-driver\3.141.0\selenium-ie-driver-3.141.0.jar;C:\apache-maven-3.8.6\repository\org\seleniumhq\selenium\selenium-opera-driver\3.141.0\selenium-opera-driver-3.141.0.jar;C:\apache-maven-3.8.6\repository\org\seleniumhq\selenium\selenium-remote-driver\3.141.0\selenium-remote-driver-3.141.0.jar;C:\apache-maven-3.8.6\repository\org\seleniumhq\selenium\selenium-safari-driver\3.141.0\selenium-safari-driver-3.141.0.jar;C:\apache-maven-3.8.6\repository\org\seleniumhq\selenium\selenium-support\3.141.0\selenium-support-3.141.0.jar;C:\apache-maven-3.8.6\repository\net\bytebuddy\byte-buddy\1.8.15\byte-buddy-1.8.15.jar;C:\apache-maven-3.8.6\repository\org\apache\commons\commons-exec\1.3\commons-exec-1.3.jar;C:\apache-maven-3.8.6\repository\com\google\guava\guava\25.0-jre\guava-25.0-jre.jar;C:\apache-maven-3.8.6\repository\com\google\code\findbugs\jsr305\1.3.9\jsr305-1.3.9.jar;C:\apache-maven-3.8.6\repository\org\checkerframework\checker-compat-qual\2.0.0\checker-compat-qual-2.0.0.jar;C:\apache-maven-3.8.6\repository\com\google\errorprone\error_prone_annotations\2.1.3\error_prone_annotations-2.1.3.jar;C:\apache-maven-3.8.6\repository\com\google\j2objc\j2objc-annotations\1.1\j2objc-annotations-1.1.jar;C:\apache-maven-3.8.6\repository\org\codehaus\mojo\animal-sniffer-annotations\1.14\animal-sniffer-annotations-1.14.jar;C:\apache-maven-3.8.6\repository\com\squareup\okhttp3\okhttp\3.11.0\okhttp-3.11.0.jar;C:\apache-maven-3.8.6\repository\com\squareup\okio\okio\1.14.0\okio-1.14.0.jar;C:\apache-maven-3.8.6\repository\io\github\bonigarcia\webdrivermanager\3.3.0\webdrivermanager-3.3.0.jar;C:\apache-maven-3.8.6\repository\org\slf4j\slf4j-api\1.7.25\slf4j-api-1.7.25.jar;C:\apache-maven-3.8.6\repository\com\google\code\gson\gson\2.8.5\gson-2.8.5.jar;C:\apache-maven-3.8.6\repository\org\apache\commons\commons-lang3\3.8.1\commons-lang3-3.8.1.jar;C:\apache-maven-3.8.6\repository\org\apache\httpcomponents\httpclient\4.5.6\httpclient-4.5.6.jar;C:\apache-maven-3.8.6\repository\org\apache\httpcomponents\httpcore\4.4.10\httpcore-4.4.10.jar;C:\apache-maven-3.8.6\repository\commons-logging\commons-logging\1.2\commons-logging-1.2.jar;C:\apache-maven-3.8.6\repository\commons-codec\commons-codec\1.10\commons-codec-1.10.jar;C:\apache-maven-3.8.6\repository\org\rauschig\jarchivelib\1.0.0\jarchivelib-1.0.0.jar;C:\apache-maven-3.8.6\repository\org\apache\commons\commons-compress\1.18\commons-compress-1.18.jar;C:\apache-maven-3.8.6\repository\org\jsoup\jsoup\1.11.3\jsoup-1.11.3.jar;C:\apache-maven-3.8.6\repository\org\testng\testng\6.14.3\testng-6.14.3.jar;C:\apache-maven-3.8.6\repository\com\beust\jcommander\1.72\jcommander-1.72.jar;C:\apache-maven-3.8.6\repository\org\apache-extras\beanshell\bsh\2.0b6\bsh-2.0b6.jar;C:\apache-maven-3.8.6\repository\org\hamcrest\hamcrest\2.1\hamcrest-2.1.jar;C:\apache-maven-3.8.6\repository\commons-io\commons-io\2.6\commons-io-2.6.jar;C:\apache-maven-3.8.6\repository\org\apache\logging\log4j\log4j-api\2.11.1\log4j-api-2.11.1.jar;C:\apache-maven-3.8.6\repository\org\apache\logging\log4j\log4j-core\2.11.1\log4j-core-2.11.1.jar;"/>
    <property name="java.vm.vendor" value="Oracle Corporation"/>
    <property name="sun.arch.data.model" value="64"/>
    <property name="user.variant" value=""/>
    <property name="java.vendor.url" value="https://java.oracle.com/"/>
    <property name="user.timezone" value="Europe/Moscow"/>
    <property name="user.country.format" value="BY"/>
    <property name="os.name" value="Windows 10"/>
    <property name="java.vm.specification.version" value="17"/>
    <property name="sun.java.launcher" value="SUN_STANDARD"/>
    <property name="user.country" value="RU"/>
    <property name="sun.boot.library.path" value="C:\Program Files\Java\jdk-17.0.5\bin"/>
    <property name="sun.java.command" value="C:\Users\Yan\AppData\Local\Temp\surefire13234010273616269507\surefirebooter6002605122749985590.jar C:\Users\Yan\AppData\Local\Temp\surefire13234010273616269507 2023-01-13T13-45-35_544-jvmRun1 surefire5968299245400477403tmp surefire_01436136706332105229tmp"/>
    <property name="jdk.debug" value="release"/>
    <property name="surefire.test.class.path" value="C:\Users\Yan\Desktop\5sem\Testing\11laba\1\1\target\test-classes;C:\Users\Yan\Desktop\5sem\Testing\11laba\1\1\target\classes;C:\apache-maven-3.8.6\repository\org\seleniumhq\selenium\selenium-java\3.141.0\selenium-java-3.141.0.jar;C:\apache-maven-3.8.6\repository\org\seleniumhq\selenium\selenium-api\3.141.0\selenium-api-3.141.0.jar;C:\apache-maven-3.8.6\repository\org\seleniumhq\selenium\selenium-chrome-driver\3.141.0\selenium-chrome-driver-3.141.0.jar;C:\apache-maven-3.8.6\repository\org\seleniumhq\selenium\selenium-edge-driver\3.141.0\selenium-edge-driver-3.141.0.jar;C:\apache-maven-3.8.6\repository\org\seleniumhq\selenium\selenium-firefox-driver\3.141.0\selenium-firefox-driver-3.141.0.jar;C:\apache-maven-3.8.6\repository\org\seleniumhq\selenium\selenium-ie-driver\3.141.0\selenium-ie-driver-3.141.0.jar;C:\apache-maven-3.8.6\repository\org\seleniumhq\selenium\selenium-opera-driver\3.141.0\selenium-opera-driver-3.141.0.jar;C:\apache-maven-3.8.6\repository\org\seleniumhq\selenium\selenium-remote-driver\3.141.0\selenium-remote-driver-3.141.0.jar;C:\apache-maven-3.8.6\repository\org\seleniumhq\selenium\selenium-safari-driver\3.141.0\selenium-safari-driver-3.141.0.jar;C:\apache-maven-3.8.6\repository\org\seleniumhq\selenium\selenium-support\3.141.0\selenium-support-3.141.0.jar;C:\apache-maven-3.8.6\repository\net\bytebuddy\byte-buddy\1.8.15\byte-buddy-1.8.15.jar;C:\apache-maven-3.8.6\repository\org\apache\commons\commons-exec\1.3\commons-exec-1.3.jar;C:\apache-maven-3.8.6\repository\com\google\guava\guava\25.0-jre\guava-25.0-jre.jar;C:\apache-maven-3.8.6\repository\com\google\code\findbugs\jsr305\1.3.9\jsr305-1.3.9.jar;C:\apache-maven-3.8.6\repository\org\checkerframework\checker-compat-qual\2.0.0\checker-compat-qual-2.0.0.jar;C:\apache-maven-3.8.6\repository\com\google\errorprone\error_prone_annotations\2.1.3\error_prone_annotations-2.1.3.jar;C:\apache-maven-3.8.6\repository\com\google\j2objc\j2objc-annotations\1.1\j2objc-annotations-1.1.jar;C:\apache-maven-3.8.6\repository\org\codehaus\mojo\animal-sniffer-annotations\1.14\animal-sniffer-annotations-1.14.jar;C:\apache-maven-3.8.6\repository\com\squareup\okhttp3\okhttp\3.11.0\okhttp-3.11.0.jar;C:\apache-maven-3.8.6\repository\com\squareup\okio\okio\1.14.0\okio-1.14.0.jar;C:\apache-maven-3.8.6\repository\io\github\bonigarcia\webdrivermanager\3.3.0\webdrivermanager-3.3.0.jar;C:\apache-maven-3.8.6\repository\org\slf4j\slf4j-api\1.7.25\slf4j-api-1.7.25.jar;C:\apache-maven-3.8.6\repository\com\google\code\gson\gson\2.8.5\gson-2.8.5.jar;C:\apache-maven-3.8.6\repository\org\apache\commons\commons-lang3\3.8.1\commons-lang3-3.8.1.jar;C:\apache-maven-3.8.6\repository\org\apache\httpcomponents\httpclient\4.5.6\httpclient-4.5.6.jar;C:\apache-maven-3.8.6\repository\org\apache\httpcomponents\httpcore\4.4.10\httpcore-4.4.10.jar;C:\apache-maven-3.8.6\repository\commons-logging\commons-logging\1.2\commons-logging-1.2.jar;C:\apache-maven-3.8.6\repository\commons-codec\commons-codec\1.10\commons-codec-1.10.jar;C:\apache-maven-3.8.6\repository\org\rauschig\jarchivelib\1.0.0\jarchivelib-1.0.0.jar;C:\apache-maven-3.8.6\repository\org\apache\commons\commons-compress\1.18\commons-compress-1.18.jar;C:\apache-maven-3.8.6\repository\org\jsoup\jsoup\1.11.3\jsoup-1.11.3.jar;C:\apache-maven-3.8.6\repository\org\testng\testng\6.14.3\testng-6.14.3.jar;C:\apache-maven-3.8.6\repository\com\beust\jcommander\1.72\jcommander-1.72.jar;C:\apache-maven-3.8.6\repository\org\apache-extras\beanshell\bsh\2.0b6\bsh-2.0b6.jar;C:\apache-maven-3.8.6\repository\org\hamcrest\hamcrest\2.1\hamcrest-2.1.jar;C:\apache-maven-3.8.6\repository\commons-io\commons-io\2.6\commons-io-2.6.jar;C:\apache-maven-3.8.6\repository\org\apache\logging\log4j\log4j-api\2.11.1\log4j-api-2.11.1.jar;C:\apache-maven-3.8.6\repository\org\apache\logging\log4j\log4j-core\2.11.1\log4j-core-2.11.1.jar;"/>
    <property name="sun.cpu.endian" value="little"/>
    <property name="user.home" value="C:\Users\Yan"/>
    <property name="user.language" value="ru"/>
    <property name="java.specification.vendor" value="Oracle Corporation"/>
    <property name="java.version.date" value="2022-10-18"/>
    <property name="java.home" value="C:\Program Files\Java\jdk-17.0.5"/>
    <property name="file.separator" value="\"/>
    <property name="basedir" value="C:\Users\Yan\Desktop\5sem\Testing\11laba\1\1"/>
    <property name="java.vm.compressedOopsMode" value="Zero based"/>
    <property name="line.separator" value="&#10;"/>
    <property name="java.vm.specification.vendor" value="Oracle Corporation"/>
    <property name="java.specification.name" value="Java Platform API Specification"/>
    <property name="surefire.real.class.path" value="C:\Users\Yan\AppData\Local\Temp\surefire13234010273616269507\surefirebooter6002605122749985590.jar"/>
    <property name="user.script" value=""/>
    <property name="sun.management.compiler" value="HotSpot 64-Bit Tiered Compilers"/>
    <property name="java.runtime.version" value="17.0.5+9-LTS-191"/>
    <property name="user.name" value="Yan"/>
    <property name="path.separator" value=";"/>
    <property name="os.version" value="10.0"/>
    <property name="java.runtime.name" value="Java(TM) SE Runtime Environment"/>
    <property name="file.encoding" value="Cp1251"/>
    <property name="browser" value="chrome"/>
    <property name="java.vm.name" value="Java HotSpot(TM) 64-Bit Server VM"/>
    <property name="localRepository" value="C:\apache-maven-3.8.6\repository"/>
    <property name="java.vendor.url.bug" value="https://bugreport.java.com/bugreport/"/>
    <property name="java.io.tmpdir" value="C:\Users\Yan\AppData\Local\Temp\"/>
    <property name="java.version" value="17.0.5"/>
    <property name="user.dir" value="C:\Users\Yan\Desktop\5sem\Testing\11laba\1\1"/>
    <property name="os.arch" value="amd64"/>
    <property name="java.vm.specification.name" value="Java Virtual Machine Specification"/>
    <property name="sun.os.patch.level" value=""/>
    <property name="native.encoding" value="Cp1251"/>
    <property name="environment" value="dev"/>
    <property name="java.library.path" value="C:\Program Files\Java\jdk-17.0.5\bin;C:\Windows\Sun\Java\bin;C:\Windows\system32;C:\Windows;C:\Program Files\Common Files\Oracle\Java\javapath;C:\Program Files\Eclipse Foundation\jdk-8.0.302.8-hotspot\bin;C:\Program Files\Microsoft MPI\Bin\;C:\Windows\system32;C:\Windows;C:\Windows\System32\Wbem;C:\Windows\System32\WindowsPowerShell\v1.0\;C:\Windows\System32\OpenSSH\;C:\Program Files\Microsoft SQL Server\130\Tools\Binn\;C:\Program Files\Microsoft SQL Server\Client SDK\ODBC\170\Tools\Binn\;C:\Program Files (x86)\Microsoft SQL Server\150\Tools\Binn\;C:\Program Files\Microsoft SQL Server\150\Tools\Binn\;C:\Program Files\Microsoft SQL Server\150\DTS\Binn\;C:\Program Files (x86)\Microsoft SQL Server\150\DTS\Binn\;C:\Program Files\Azure Data Studio\bin;C:\Program Files\nodejs\;C:\Program Files\dotnet\;C:\Program Files\Java\jdk-17.0.5\\bin;C:\Program Files\Git\cmd;C:\apache-maven-3.8.6\bin;D:\browserDrivers\edgedriver_win64;C:\Program Files\MySQL\MySQL Shell 8.0\bin\;C:\Users\Yan\AppData\Local\Microsoft\WindowsApps;C:\Users\Yan\AppData\Local\Programs\Microsoft VS Code\bin;C:\Program Files\Azure Data Studio\bin;C:\Users\Yan\AppData\Roaming\npm;C:\Users\Yan\.dotnet\tools;C:\Program Files\JetBrains\IntelliJ IDEA Community Edition 2022.1\bin;;D:\browserDrivers\edgedriver_win64;;C:\Program Files\JetBrains\IntelliJ IDEA 2022.3\bin;;."/>
    <property name="java.vm.info" value="mixed mode, sharing"/>
    <property name="java.vendor" value="Oracle Corporation"/>
    <property name="java.vm.version" value="17.0.5+9-LTS-191"/>
    <property name="sun.io.unicode.encoding" value="UnicodeLittle"/>
    <property name="java.class.version" value="61.0"/>
  </properties>
  <testcase name="Logosix" classname="com.epam.ta.test.clickOfficialCompany" time="55.082"/>
</testsuite>